===============================================================
Gobuster v3.0.1
by OJ Reeves (@TheColonial) & Christian Mehlmauer (@_FireFart_)
===============================================================
[+] Url:            http://10.10.199.188/
[+] Threads:        10
[+] Wordlist:       /usr/share/wordlists/dirb/common.txt
[+] Status codes:   200,204,301,302,307,401,403
[+] User Agent:     gobuster/3.0.1
[+] Extensions:     php,txt,html,css,js
[+] Timeout:        10s
===============================================================
2021/01/12 16:44:44 Starting gobuster
===============================================================
/404.html (Status: 200)
/aboutus (Status: 301)
/admin (Status: 301)
/admin.html (Status: 200)
/cookie.js (Status: 200)
/css (Status: 301)
/downloads (Status: 301)
/img (Status: 301)
/index.html (Status: 301)
/index.html (Status: 301)
/login.js (Status: 200)
/main.css (Status: 200)
/main.js (Status: 200)
===============================================================
2021/01/12 16:50:44 Finished
===============================================================
